# JRE version: Java(TM) SE Runtime Environment (8.0_45-b14) (build 1.8.0_45-b14)
# Java VM: Java HotSpot(TM) 64-Bit Server VM (25.45-b02 mixed mode bsd-amd64 compressed oops)
Heap:
 PSYoungGen      total 161280K, used 157021K [0x00000007aab00000, 0x00000007bbf80000, 0x00000007c0000000)
  eden space 157696K, 97% used [0x00000007aab00000,0x00000007b40fa870,0x00000007b4500000)
  from space 3584K, 96% used [0x00000007bbc00000,0x00000007bbf5cd98,0x00000007bbf80000)
  to   space 9216K, 0% used [0x00000007bad80000,0x00000007bad80000,0x00000007bb680000)
 ParOldGen       total 44032K, used 28120K [0x0000000780000000, 0x0000000782b00000, 0x00000007aab00000)
  object space 44032K, 63% used [0x0000000780000000,0x0000000781b76068,0x0000000782b00000)
 Metaspace       used 17363K, capacity 17680K, committed 17920K, reserved 1064960K
  class space    used 1929K, capacity 2015K, committed 2048K, reserved 1048576K
GC Heap History (10 events):
Event: 49.537 GC heap before
{Heap before GC invocations=16 (full 0):
 PSYoungGen      total 210432K, used 198352K [0x00000007aab00000, 0x00000007bda80000, 0x00000007c0000000)
  eden space 198144K, 100% used [0x00000007aab00000,0x00000007b6c80000,0x00000007b6c80000)
  from space 12288K, 1% used [0x00000007bc280000,0x00000007bc2b4010,0x00000007bce80000)
  to   space 11776K, 0% used [0x00000007bcf00000,0x00000007bcf00000,0x00000007bda80000)
 ParOldGen       total 44032K, used 26936K [0x0000000780000000, 0x0000000782b00000, 0x00000007aab00000)
  object space 44032K, 61% used [0x0000000780000000,0x0000000781a4e0b8,0x0000000782b00000)
 Metaspace       used 16947K, capacity 17258K, committed 17408K, reserved 1064960K
  class space    used 1910K, capacity 1982K, committed 2048K, reserved 1048576K
Event: 49.539 GC heap after
Heap after GC invocations=16 (full 0):
 PSYoungGen      total 189952K, used 320K [0x00000007aab00000, 0x00000007bcf80000, 0x00000007c0000000)
  eden space 189440K, 0% used [0x00000007aab00000,0x00000007aab00000,0x00000007b6400000)
  from space 512K, 62% used [0x00000007bcf00000,0x00000007bcf50000,0x00000007bcf80000)
  to   space 11264K, 0% used [0x00000007bb980000,0x00000007bb980000,0x00000007bc480000)
 ParOldGen       total 44032K, used 26975K [0x0000000780000000, 0x0000000782b00000, 0x00000007aab00000)
  object space 44032K, 61% used [0x0000000780000000,0x0000000781a57db8,0x0000000782b00000)
 Metaspace       used 16947K, capacity 17258K, committed 17408K, reserved 1064960K
  class space    used 1910K, capacity 1982K, committed 2048K, reserved 1048576K
}
Event: 50.178 GC heap before
{Heap before GC invocations=17 (full 0):
 PSYoungGen      total 189952K, used 189760K [0x00000007aab00000, 0x00000007bcf80000, 0x00000007c0000000)
  eden space 189440K, 100% used [0x00000007aab00000,0x00000007b6400000,0x00000007b6400000)
  from space 512K, 62% used [0x00000007bcf00000,0x00000007bcf50000,0x00000007bcf80000)
  to   space 11264K, 0% used [0x00000007bb980000,0x00000007bb980000,0x00000007bc480000)
 ParOldGen       total 44032K, used 26975K [0x0000000780000000, 0x0000000782b00000, 0x00000007aab00000)
  object space 44032K, 61% used [0x0000000780000000,0x0000000781a57db8,0x0000000782b00000)
 Metaspace       used 16999K, capacity 17258K, committed 17408K, reserved 1064960K
  class space    used 1912K, capacity 1982K, committed 2048K, reserved 1048576K
Event: 50.180 GC heap after
Heap after GC invocations=17 (full 0):
 PSYoungGen      total 192000K, used 1635K [0x00000007aab00000, 0x00000007bcf80000, 0x00000007c0000000)
  eden space 180736K, 0% used [0x00000007aab00000,0x00000007aab00000,0x00000007b5b80000)
  from space 11264K, 14% used [0x00000007bb980000,0x00000007bbb18d08,0x00000007bc480000)
  to   space 10752K, 0% used [0x00000007bc500000,0x00000007bc500000,0x00000007bcf80000)
 ParOldGen       total 44032K, used 27015K [0x0000000780000000, 0x0000000782b00000, 0x00000007aab00000)
  object space 44032K, 61% used [0x0000000780000000,0x0000000781a61db8,0x0000000782b00000)
 Metaspace       used 16999K, capacity 17258K, committed 17408K, reserved 1064960K
  class space    used 1912K, capacity 1982K, committed 2048K, reserved 1048576K
}
Event: 50.866 GC heap before
{Heap before GC invocations=18 (full 0):
 PSYoungGen      total 192000K, used 182371K [0x00000007aab00000, 0x00000007bcf80000, 0x00000007c0000000)
  eden space 180736K, 100% used [0x00000007aab00000,0x00000007b5b80000,0x00000007b5b80000)
  from space 11264K, 14% used [0x00000007bb980000,0x00000007bbb18d08,0x00000007bc480000)
  to   space 10752K, 0% used [0x00000007bc500000,0x00000007bc500000,0x00000007bcf80000)
 ParOldGen       total 44032K, used 27015K [0x0000000780000000, 0x0000000782b00000, 0x00000007aab00000)
  object space 44032K, 61% used [0x0000000780000000,0x0000000781a61db8,0x0000000782b00000)
 Metaspace       used 17020K, capacity 17322K, committed 17664K, reserved 1064960K
  class space    used 1912K, capacity 1982K, committed 2048K, reserved 1048576K
Event: 50.869 GC heap after
Heap after GC invocations=18 (full 0):
 PSYoungGen      total 174080K, used 1395K [0x00000007aab00000, 0x00000007bc680000, 0x00000007c0000000)
  eden space 172544K, 0% used [0x00000007aab00000,0x00000007aab00000,0x00000007b5380000)
  from space 1536K, 90% used [0x00000007bc500000,0x00000007bc65cd78,0x00000007bc680000)
  to   space 10240K, 0% used [0x00000007bb280000,0x00000007bb280000,0x00000007bbc80000)
 ParOldGen       total 44032K, used 27455K [0x0000000780000000, 0x0000000782b00000, 0x00000007aab00000)
  object space 44032K, 62% used [0x0000000780000000,0x0000000781acfe08,0x0000000782b00000)
 Metaspace       used 17020K, capacity 17322K, committed 17664K, reserved 1064960K
  class space    used 1912K, capacity 1982K, committed 2048K, reserved 1048576K
}
Event: 51.529 GC heap before
{Heap before GC invocations=19 (full 0):
 PSYoungGen      total 174080K, used 173939K [0x00000007aab00000, 0x00000007bc680000, 0x00000007c0000000)
  eden space 172544K, 100% used [0x00000007aab00000,0x00000007b5380000,0x00000007b5380000)
  from space 1536K, 90% used [0x00000007bc500000,0x00000007bc65cd78,0x00000007bc680000)
  to   space 10240K, 0% used [0x00000007bb280000,0x00000007bb280000,0x00000007bbc80000)
 ParOldGen       total 44032K, used 27455K [0x0000000780000000, 0x0000000782b00000, 0x00000007aab00000)
  object space 44032K, 62% used [0x0000000780000000,0x0000000781acfe08,0x0000000782b00000)
 Metaspace       used 17034K, capacity 17322K, committed 17664K, reserved 1064960K
  class space    used 1912K, capacity 1982K, committed 2048K, reserved 1048576K
Event: 51.531 GC heap after
Heap after GC invocations=19 (full 0):
 PSYoungGen      total 165888K, used 512K [0x00000007aab00000, 0x00000007bc580000, 0x00000007c0000000)
  eden space 164864K, 0% used [0x00000007aab00000,0x00000007aab00000,0x00000007b4c00000)
  from space 1024K, 50% used [0x00000007bb280000,0x00000007bb3000d0,0x00000007bb380000)
  to   space 9728K, 0% used [0x00000007bbc00000,0x00000007bbc00000,0x00000007bc580000)
 ParOldGen       total 44032K, used 27823K [0x0000000780000000, 0x0000000782b00000, 0x00000007aab00000)
  object space 44032K, 63% used [0x0000000780000000,0x0000000781b2bf58,0x0000000782b00000)
 Metaspace       used 17034K, capacity 17322K, committed 17664K, reserved 1064960K
  class space    used 1912K, capacity 1982K, committed 2048K, reserved 1048576K
}
Event: 52.004 GC heap before
{Heap before GC invocations=20 (full 0):
 PSYoungGen      total 165888K, used 165376K [0x00000007aab00000, 0x00000007bc580000, 0x00000007c0000000)
  eden space 164864K, 100% used [0x00000007aab00000,0x00000007b4c00000,0x00000007b4c00000)
  from space 1024K, 50% used [0x00000007bb280000,0x00000007bb3000d0,0x00000007bb380000)
  to   space 9728K, 0% used [0x00000007bbc00000,0x00000007bbc00000,0x00000007bc580000)
 ParOldGen       total 44032K, used 27823K [0x0000000780000000, 0x0000000782b00000, 0x00000007aab00000)
  object space 44032K, 63% used [0x0000000780000000,0x0000000781b2bf58,0x0000000782b00000)
 Metaspace       used 17050K, capacity 17322K, committed 17664K, reserved 1064960K
  class space    used 1912K, capacity 1982K, committed 2048K, reserved 1048576K
Event: 52.009 GC heap after
Heap after GC invocations=20 (full 0):
 PSYoungGen      total 161280K, used 3443K [0x00000007aab00000, 0x00000007bbf80000, 0x00000007c0000000)
  eden space 157696K, 0% used [0x00000007aab00000,0x00000007aab00000,0x00000007b4500000)
  from space 3584K, 96% used [0x00000007bbc00000,0x00000007bbf5cd98,0x00000007bbf80000)
  to   space 9216K, 0% used [0x00000007bad80000,0x00000007bad80000,0x00000007bb680000)
 ParOldGen       total 44032K, used 28120K [0x0000000780000000, 0x0000000782b00000, 0x00000007aab00000)
  object space 44032K, 63% used [0x0000000780000000,0x0000000781b76068,0x0000000782b00000)
 Metaspace       used 17050K, capacity 17322K, committed 17664K, reserved 1064960K
  class space    used 1912K, capacity 1982K, committed 2048K, reserved 1048576K
}

